<?xml version="1.0" encoding="UTF-8"?>
<TestRun id="07c1d6d7-386b-43f6-80fa-51cf79e14b72" name="yasio@YASIO-PC 2011-10-27 01:31:09" runUser="yasio-PC\yasio" xmlns="http://microsoft.com/schemas/VisualStudio/TeamTest/2010">
  <TestSettings name="Local" id="97493afa-13e4-4da3-901c-fc20c9863eac">
    <Description>These are default test settings for a local test run.</Description>
    <Deployment enabled="false" runDeploymentRoot="yasio_YASIO-PC 2011-10-27 01_31_09">
      <DeploymentItem filename="D:\Projects\C#\Kolejki\Kolejki\Kolejki\bin\Debug\MathNet.Iridium.dll" />
      <DeploymentItem filename="D:\Projects\C#\Kolejki\Kolejki\Kolejki\bin\Debug\Kolejki.exe" />
    </Deployment>
    <Execution>
      <TestTypeSpecific />
      <AgentRule name="Execution Agents">
      </AgentRule>
    </Execution>
  </TestSettings>
  <Times creation="2011-10-27T01:31:09.8610710+02:00" queuing="2011-10-27T01:31:10.3020962+02:00" start="2011-10-27T01:31:10.3801007+02:00" finish="2011-10-27T01:31:11.0371382+02:00" />
  <ResultSummary outcome="Completed">
    <Counters total="1" executed="1" passed="1" error="0" failed="0" timeout="0" aborted="0" inconclusive="0" passedButRunAborted="0" notRunnable="0" notExecuted="0" disconnected="0" warning="0" completed="0" inProgress="0" pending="0" />
  </ResultSummary>
  <TestDefinitions>
    <UnitTest name="PutTest" storage="d:\projects\c#\kolejki\kolejki\testproject\bin\debug\testproject.dll" id="d1bc0e55-25d9-725c-f471-293616ea5adc">
      <Execution id="ec500dc9-37f0-4088-ab33-ea577390ef2f" />
      <TestMethod codeBase="D:/Projects/C#/Kolejki/Kolejki/TestProject/bin/Debug/TestProject.DLL" adapterTypeName="Microsoft.VisualStudio.TestTools.TestTypes.Unit.UnitTestAdapter, Microsoft.VisualStudio.QualityTools.Tips.UnitTest.Adapter, Version=10.0.0.0, Culture=neutral, PublicKeyToken=b03f5f7f11d50a3a" className="TestProject.QueueFifoTest, TestProject, Version=1.0.0.0, Culture=neutral, PublicKeyToken=null" name="PutTest" />
    </UnitTest>
  </TestDefinitions>
  <TestLists>
    <TestList name="Results Not in a List" id="8c84fa94-04c1-424b-9868-57a2d4851a1d" />
    <TestList name="All Loaded Results" id="19431567-8539-422a-85d7-44ee4e166bda" />
  </TestLists>
  <TestEntries>
    <TestEntry testId="d1bc0e55-25d9-725c-f471-293616ea5adc" executionId="ec500dc9-37f0-4088-ab33-ea577390ef2f" testListId="8c84fa94-04c1-424b-9868-57a2d4851a1d" />
  </TestEntries>
  <Results>
    <UnitTestResult executionId="ec500dc9-37f0-4088-ab33-ea577390ef2f" testId="d1bc0e55-25d9-725c-f471-293616ea5adc" testName="PutTest" computerName="YASIO-PC" duration="00:00:00.0313254" startTime="2011-10-27T01:31:10.4271034+02:00" endTime="2011-10-27T01:31:10.9421328+02:00" testType="13cdc9d9-ddb5-4fa4-a97d-d965ccfc6d4b" outcome="Passed" testListId="8c84fa94-04c1-424b-9868-57a2d4851a1d" relativeResultsDirectory="ec500dc9-37f0-4088-ab33-ea577390ef2f">
    </UnitTestResult>
  </Results>
</TestRun>