<?xml version="1.0" encoding="UTF-8"?>
<TestRun id="d3d65d91-38d7-4217-afed-ed4c1bdcdaf2" name="yasio@YASIO-PC 2011-10-27 01:27:16" runUser="yasio-PC\yasio" xmlns="http://microsoft.com/schemas/VisualStudio/TeamTest/2010">
  <TestSettings name="Local" id="97493afa-13e4-4da3-901c-fc20c9863eac">
    <Description>These are default test settings for a local test run.</Description>
    <Deployment enabled="false" runDeploymentRoot="yasio_YASIO-PC 2011-10-27 01_27_16">
      <DeploymentItem filename="D:\Projects\C#\Kolejki\Kolejki\Kolejki\bin\Debug\MathNet.Iridium.dll" />
      <DeploymentItem filename="D:\Projects\C#\Kolejki\Kolejki\Kolejki\bin\Debug\Kolejki.exe" />
    </Deployment>
    <Execution>
      <TestTypeSpecific />
      <AgentRule name="Execution Agents">
      </AgentRule>
    </Execution>
  </TestSettings>
  <Times creation="2011-10-27T01:27:16.8327425+02:00" queuing="2011-10-27T01:27:16.8967462+02:00" start="2011-10-27T01:27:16.9177474+02:00" finish="2011-10-27T01:27:17.5437832+02:00" />
  <ResultSummary outcome="Failed">
    <Counters total="1" executed="1" error="0" failed="1" timeout="0" aborted="0" inconclusive="0" passedButRunAborted="0" notRunnable="0" notExecuted="0" disconnected="0" warning="0" passed="0" completed="0" inProgress="0" pending="0" />
  </ResultSummary>
  <TestDefinitions>
    <UnitTest name="PutTest" storage="d:\projects\c#\kolejki\kolejki\testproject\bin\debug\testproject.dll" id="d1bc0e55-25d9-725c-f471-293616ea5adc">
      <Execution id="362a8cde-25a3-4d4f-a6b6-351060a6d883" />
      <TestMethod codeBase="D:/Projects/C#/Kolejki/Kolejki/TestProject/bin/Debug/TestProject.DLL" adapterTypeName="Microsoft.VisualStudio.TestTools.TestTypes.Unit.UnitTestAdapter, Microsoft.VisualStudio.QualityTools.Tips.UnitTest.Adapter, Version=10.0.0.0, Culture=neutral, PublicKeyToken=b03f5f7f11d50a3a" className="TestProject.QueueFifoTest, TestProject, Version=1.0.0.0, Culture=neutral, PublicKeyToken=null" name="PutTest" />
    </UnitTest>
  </TestDefinitions>
  <TestLists>
    <TestList name="Results Not in a List" id="8c84fa94-04c1-424b-9868-57a2d4851a1d" />
    <TestList name="All Loaded Results" id="19431567-8539-422a-85d7-44ee4e166bda" />
  </TestLists>
  <TestEntries>
    <TestEntry testId="d1bc0e55-25d9-725c-f471-293616ea5adc" executionId="362a8cde-25a3-4d4f-a6b6-351060a6d883" testListId="8c84fa94-04c1-424b-9868-57a2d4851a1d" />
  </TestEntries>
  <Results>
    <UnitTestResult executionId="362a8cde-25a3-4d4f-a6b6-351060a6d883" testId="d1bc0e55-25d9-725c-f471-293616ea5adc" testName="PutTest" computerName="YASIO-PC" duration="00:00:00.0731047" startTime="2011-10-27T01:27:17.0007521+02:00" endTime="2011-10-27T01:27:17.5067811+02:00" testType="13cdc9d9-ddb5-4fa4-a97d-d965ccfc6d4b" outcome="Failed" testListId="8c84fa94-04c1-424b-9868-57a2d4851a1d" relativeResultsDirectory="362a8cde-25a3-4d4f-a6b6-351060a6d883">
      <Output>
        <ErrorInfo>
          <Message>Assert.AreEqual failed. Expected:&lt;1&gt;. Actual:&lt;2&gt;. </Message>
          <StackTrace>   at TestProject.QueueFifoTest.PutTest() in D:\Projects\C#\Kolejki\Kolejki\TestProject\QueueFifoTest.cs:line 138
</StackTrace>
        </ErrorInfo>
      </Output>
    </UnitTestResult>
  </Results>
</TestRun>