<?xml version="1.0" encoding="UTF-8"?>
<TestRun id="82c2fb62-6d34-4558-9a0e-7bd30c91f166" name="yasio@YASIO-PC 2011-10-27 01:22:30" runUser="yasio-PC\yasio" xmlns="http://microsoft.com/schemas/VisualStudio/TeamTest/2010">
  <TestSettings name="Local" id="97493afa-13e4-4da3-901c-fc20c9863eac">
    <Description>These are default test settings for a local test run.</Description>
    <Deployment enabled="false" runDeploymentRoot="yasio_YASIO-PC 2011-10-27 01_22_30">
      <DeploymentItem filename="D:\Projects\C#\Kolejki\Kolejki\Kolejki\bin\Debug\MathNet.Iridium.dll" />
      <DeploymentItem filename="D:\Projects\C#\Kolejki\Kolejki\Kolejki\bin\Debug\Kolejki.exe" />
    </Deployment>
    <Execution>
      <TestTypeSpecific />
      <AgentRule name="Execution Agents">
      </AgentRule>
    </Execution>
  </TestSettings>
  <Times creation="2011-10-27T01:22:30.9143889+02:00" queuing="2011-10-27T01:22:30.9593915+02:00" start="2011-10-27T01:22:31.0163948+02:00" finish="2011-10-27T01:22:31.4514196+02:00" />
  <ResultSummary outcome="Completed">
    <Counters total="6" executed="6" passed="6" error="0" failed="0" timeout="0" aborted="0" inconclusive="0" passedButRunAborted="0" notRunnable="0" notExecuted="0" disconnected="0" warning="0" completed="0" inProgress="0" pending="0" />
  </ResultSummary>
  <TestDefinitions>
    <UnitTest name="SocketConstructorTest" storage="d:\projects\c#\kolejki\kolejki\testproject\bin\debug\testproject.dll" id="41823a85-e94a-1cf2-fa4f-d921d4cd48c9">
      <Execution id="7c8d5b65-b22b-4694-bb06-1d7fa5bf89eb" />
      <TestMethod codeBase="D:/Projects/C#/Kolejki/Kolejki/TestProject/bin/Debug/TestProject.DLL" adapterTypeName="Microsoft.VisualStudio.TestTools.TestTypes.Unit.UnitTestAdapter, Microsoft.VisualStudio.QualityTools.Tips.UnitTest.Adapter, Version=10.0.0.0, Culture=neutral, PublicKeyToken=b03f5f7f11d50a3a" className="TestProject.SocketTest, TestProject, Version=1.0.0.0, Culture=neutral, PublicKeyToken=null" name="SocketConstructorTest" />
    </UnitTest>
    <UnitTest name="Get2Test" storage="d:\projects\c#\kolejki\kolejki\testproject\bin\debug\testproject.dll" id="459fe571-de5b-716a-21b4-9beb1226bd65">
      <Execution id="cf2e8831-37ec-495d-9bba-0928a3930d7a" />
      <TestMethod codeBase="D:/Projects/C#/Kolejki/Kolejki/TestProject/bin/Debug/TestProject.DLL" adapterTypeName="Microsoft.VisualStudio.TestTools.TestTypes.Unit.UnitTestAdapter, Microsoft.VisualStudio.QualityTools.Tips.UnitTest.Adapter, Version=10.0.0.0, Culture=neutral, PublicKeyToken=b03f5f7f11d50a3a" className="TestProject.QueueFifoTest, TestProject, Version=1.0.0.0, Culture=neutral, PublicKeyToken=null" name="Get2Test" />
    </UnitTest>
    <UnitTest name="GetTest" storage="d:\projects\c#\kolejki\kolejki\testproject\bin\debug\testproject.dll" id="a93410c0-6366-e2b4-b342-a2965b3f5589">
      <Execution id="ed37f44f-01a1-4c07-9c88-d780cf9f394b" />
      <TestMethod codeBase="D:/Projects/C#/Kolejki/Kolejki/TestProject/bin/Debug/TestProject.DLL" adapterTypeName="Microsoft.VisualStudio.TestTools.TestTypes.Unit.UnitTestAdapter, Microsoft.VisualStudio.QualityTools.Tips.UnitTest.Adapter, Version=10.0.0.0, Culture=neutral, PublicKeyToken=b03f5f7f11d50a3a" className="TestProject.QueueFifoTest, TestProject, Version=1.0.0.0, Culture=neutral, PublicKeyToken=null" name="GetTest" />
    </UnitTest>
    <UnitTest name="TestMethod1" storage="d:\projects\c#\kolejki\kolejki\testproject\bin\debug\testproject.dll" id="24e109b5-ebac-7154-c0d0-91db5c99399f">
      <Execution id="45a6d5ed-5031-4769-93db-3bd1eb255996" />
      <TestMethod codeBase="D:/Projects/C#/Kolejki/Kolejki/TestProject/bin/Debug/TestProject.DLL" adapterTypeName="Microsoft.VisualStudio.TestTools.TestTypes.Unit.UnitTestAdapter, Microsoft.VisualStudio.QualityTools.Tips.UnitTest.Adapter, Version=10.0.0.0, Culture=neutral, PublicKeyToken=b03f5f7f11d50a3a" className="TestProject.UnitTest1, TestProject, Version=1.0.0.0, Culture=neutral, PublicKeyToken=null" name="TestMethod1" />
    </UnitTest>
    <UnitTest name="MakeConnectionTest_makeConnectionTwice" storage="d:\projects\c#\kolejki\kolejki\testproject\bin\debug\testproject.dll" id="49cd2c00-8ac8-fe9a-54e9-8cc0e6e95967">
      <Execution id="66d927f4-8ed5-496c-bc45-66a11c3c43bd" />
      <TestMethod codeBase="D:/Projects/C#/Kolejki/Kolejki/TestProject/bin/Debug/TestProject.DLL" adapterTypeName="Microsoft.VisualStudio.TestTools.TestTypes.Unit.UnitTestAdapter, Microsoft.VisualStudio.QualityTools.Tips.UnitTest.Adapter, Version=10.0.0.0, Culture=neutral, PublicKeyToken=b03f5f7f11d50a3a" className="TestProject.SocketTest, TestProject, Version=1.0.0.0, Culture=neutral, PublicKeyToken=null" name="MakeConnectionTest_makeConnectionTwice" />
    </UnitTest>
    <UnitTest name="MakeConnectionTest_AreConnected" storage="d:\projects\c#\kolejki\kolejki\testproject\bin\debug\testproject.dll" id="694b55d8-71f3-1c9d-2c00-a68e389f0739">
      <Execution id="2cb6591c-bf85-44a7-8e10-62e5862884c8" />
      <TestMethod codeBase="D:/Projects/C#/Kolejki/Kolejki/TestProject/bin/Debug/TestProject.DLL" adapterTypeName="Microsoft.VisualStudio.TestTools.TestTypes.Unit.UnitTestAdapter, Microsoft.VisualStudio.QualityTools.Tips.UnitTest.Adapter, Version=10.0.0.0, Culture=neutral, PublicKeyToken=b03f5f7f11d50a3a" className="TestProject.SocketTest, TestProject, Version=1.0.0.0, Culture=neutral, PublicKeyToken=null" name="MakeConnectionTest_AreConnected" />
    </UnitTest>
  </TestDefinitions>
  <TestLists>
    <TestList name="Results Not in a List" id="8c84fa94-04c1-424b-9868-57a2d4851a1d" />
    <TestList name="All Loaded Results" id="19431567-8539-422a-85d7-44ee4e166bda" />
  </TestLists>
  <TestEntries>
    <TestEntry testId="24e109b5-ebac-7154-c0d0-91db5c99399f" executionId="45a6d5ed-5031-4769-93db-3bd1eb255996" testListId="8c84fa94-04c1-424b-9868-57a2d4851a1d" />
    <TestEntry testId="41823a85-e94a-1cf2-fa4f-d921d4cd48c9" executionId="7c8d5b65-b22b-4694-bb06-1d7fa5bf89eb" testListId="8c84fa94-04c1-424b-9868-57a2d4851a1d" />
    <TestEntry testId="459fe571-de5b-716a-21b4-9beb1226bd65" executionId="cf2e8831-37ec-495d-9bba-0928a3930d7a" testListId="8c84fa94-04c1-424b-9868-57a2d4851a1d" />
    <TestEntry testId="49cd2c00-8ac8-fe9a-54e9-8cc0e6e95967" executionId="66d927f4-8ed5-496c-bc45-66a11c3c43bd" testListId="8c84fa94-04c1-424b-9868-57a2d4851a1d" />
    <TestEntry testId="694b55d8-71f3-1c9d-2c00-a68e389f0739" executionId="2cb6591c-bf85-44a7-8e10-62e5862884c8" testListId="8c84fa94-04c1-424b-9868-57a2d4851a1d" />
    <TestEntry testId="a93410c0-6366-e2b4-b342-a2965b3f5589" executionId="ed37f44f-01a1-4c07-9c88-d780cf9f394b" testListId="8c84fa94-04c1-424b-9868-57a2d4851a1d" />
  </TestEntries>
  <Results>
    <UnitTestResult executionId="45a6d5ed-5031-4769-93db-3bd1eb255996" testId="24e109b5-ebac-7154-c0d0-91db5c99399f" testName="TestMethod1" computerName="YASIO-PC" duration="00:00:00.0135326" startTime="2011-10-27T01:22:31.0313956+02:00" endTime="2011-10-27T01:22:31.3124117+02:00" testType="13cdc9d9-ddb5-4fa4-a97d-d965ccfc6d4b" outcome="Passed" testListId="8c84fa94-04c1-424b-9868-57a2d4851a1d" relativeResultsDirectory="45a6d5ed-5031-4769-93db-3bd1eb255996">
    </UnitTestResult>
    <UnitTestResult executionId="7c8d5b65-b22b-4694-bb06-1d7fa5bf89eb" testId="41823a85-e94a-1cf2-fa4f-d921d4cd48c9" testName="SocketConstructorTest" computerName="YASIO-PC" duration="00:00:00.0103926" startTime="2011-10-27T01:22:31.3234123+02:00" endTime="2011-10-27T01:22:31.3394132+02:00" testType="13cdc9d9-ddb5-4fa4-a97d-d965ccfc6d4b" outcome="Passed" testListId="8c84fa94-04c1-424b-9868-57a2d4851a1d" relativeResultsDirectory="7c8d5b65-b22b-4694-bb06-1d7fa5bf89eb">
    </UnitTestResult>
    <UnitTestResult executionId="cf2e8831-37ec-495d-9bba-0928a3930d7a" testId="459fe571-de5b-716a-21b4-9beb1226bd65" testName="Get2Test" computerName="YASIO-PC" duration="00:00:00.0087782" startTime="2011-10-27T01:22:31.3424134+02:00" endTime="2011-10-27T01:22:31.3664148+02:00" testType="13cdc9d9-ddb5-4fa4-a97d-d965ccfc6d4b" outcome="Passed" testListId="8c84fa94-04c1-424b-9868-57a2d4851a1d" relativeResultsDirectory="cf2e8831-37ec-495d-9bba-0928a3930d7a">
    </UnitTestResult>
    <UnitTestResult executionId="66d927f4-8ed5-496c-bc45-66a11c3c43bd" testId="49cd2c00-8ac8-fe9a-54e9-8cc0e6e95967" testName="MakeConnectionTest_makeConnectionTwice" computerName="YASIO-PC" duration="00:00:00.0020970" startTime="2011-10-27T01:22:31.3784155+02:00" endTime="2011-10-27T01:22:31.3974166+02:00" testType="13cdc9d9-ddb5-4fa4-a97d-d965ccfc6d4b" outcome="Passed" testListId="8c84fa94-04c1-424b-9868-57a2d4851a1d" relativeResultsDirectory="66d927f4-8ed5-496c-bc45-66a11c3c43bd">
    </UnitTestResult>
    <UnitTestResult executionId="2cb6591c-bf85-44a7-8e10-62e5862884c8" testId="694b55d8-71f3-1c9d-2c00-a68e389f0739" testName="MakeConnectionTest_AreConnected" computerName="YASIO-PC" duration="00:00:00.0073125" startTime="2011-10-27T01:22:31.4014168+02:00" endTime="2011-10-27T01:22:31.4214179+02:00" testType="13cdc9d9-ddb5-4fa4-a97d-d965ccfc6d4b" outcome="Passed" testListId="8c84fa94-04c1-424b-9868-57a2d4851a1d" relativeResultsDirectory="2cb6591c-bf85-44a7-8e10-62e5862884c8">
    </UnitTestResult>
    <UnitTestResult executionId="ed37f44f-01a1-4c07-9c88-d780cf9f394b" testId="a93410c0-6366-e2b4-b342-a2965b3f5589" testName="GetTest" computerName="YASIO-PC" duration="00:00:00.0002767" startTime="2011-10-27T01:22:31.4224180+02:00" endTime="2011-10-27T01:22:31.4324186+02:00" testType="13cdc9d9-ddb5-4fa4-a97d-d965ccfc6d4b" outcome="Passed" testListId="8c84fa94-04c1-424b-9868-57a2d4851a1d" relativeResultsDirectory="ed37f44f-01a1-4c07-9c88-d780cf9f394b">
    </UnitTestResult>
  </Results>
</TestRun>