<?xml version="1.0" encoding="UTF-8"?>
<TestRun id="41cbad85-d7a3-45cc-9410-c8af22dd1f5e" name="yasio@YASIO-PC 2011-10-19 01:22:05" runUser="yasio-PC\yasio" xmlns="http://microsoft.com/schemas/VisualStudio/TeamTest/2010">
  <TestSettings name="Local" id="97493afa-13e4-4da3-901c-fc20c9863eac">
    <Description>These are default test settings for a local test run.</Description>
    <Deployment enabled="false" runDeploymentRoot="yasio_YASIO-PC 2011-10-19 01_22_05">
      <DeploymentItem filename="D:\Projects\C#\Kolejki\Kolejki\Kolejki\bin\Debug\MathNet.Iridium.dll" />
      <DeploymentItem filename="D:\Projects\C#\Kolejki\Kolejki\Kolejki\bin\Debug\Kolejki.exe" />
    </Deployment>
    <Execution>
      <TestTypeSpecific />
      <AgentRule name="Execution Agents">
      </AgentRule>
    </Execution>
  </TestSettings>
  <Times creation="2011-10-19T01:22:05.7207514+02:00" queuing="2011-10-19T01:22:05.7307519+02:00" start="2011-10-19T01:22:05.7437527+02:00" finish="2011-10-19T01:22:06.1777775+02:00" />
  <ResultSummary outcome="Completed">
    <Counters total="1" executed="1" passed="1" error="0" failed="0" timeout="0" aborted="0" inconclusive="0" passedButRunAborted="0" notRunnable="0" notExecuted="0" disconnected="0" warning="0" completed="0" inProgress="0" pending="0" />
  </ResultSummary>
  <TestDefinitions>
    <UnitTest name="MakeConnectionTest_AreConnected" storage="d:\projects\c#\kolejki\kolejki\testproject\bin\debug\testproject.dll" id="694b55d8-71f3-1c9d-2c00-a68e389f0739">
      <Execution id="7d7900e8-a34a-40fd-af5f-4b168581fb3a" />
      <TestMethod codeBase="D:/Projects/C#/Kolejki/Kolejki/TestProject/bin/Debug/TestProject.DLL" adapterTypeName="Microsoft.VisualStudio.TestTools.TestTypes.Unit.UnitTestAdapter, Microsoft.VisualStudio.QualityTools.Tips.UnitTest.Adapter, Version=10.0.0.0, Culture=neutral, PublicKeyToken=b03f5f7f11d50a3a" className="TestProject.SocketTest, TestProject, Version=1.0.0.0, Culture=neutral, PublicKeyToken=null" name="MakeConnectionTest_AreConnected" />
    </UnitTest>
  </TestDefinitions>
  <TestLists>
    <TestList name="Results Not in a List" id="8c84fa94-04c1-424b-9868-57a2d4851a1d" />
    <TestList name="All Loaded Results" id="19431567-8539-422a-85d7-44ee4e166bda" />
  </TestLists>
  <TestEntries>
    <TestEntry testId="694b55d8-71f3-1c9d-2c00-a68e389f0739" executionId="7d7900e8-a34a-40fd-af5f-4b168581fb3a" testListId="8c84fa94-04c1-424b-9868-57a2d4851a1d" />
  </TestEntries>
  <Results>
    <UnitTestResult executionId="7d7900e8-a34a-40fd-af5f-4b168581fb3a" testId="694b55d8-71f3-1c9d-2c00-a68e389f0739" testName="MakeConnectionTest_AreConnected" computerName="YASIO-PC" duration="00:00:00.0242969" startTime="2011-10-19T01:22:05.7987558+02:00" endTime="2011-10-19T01:22:06.1517760+02:00" testType="13cdc9d9-ddb5-4fa4-a97d-d965ccfc6d4b" outcome="Passed" testListId="8c84fa94-04c1-424b-9868-57a2d4851a1d" relativeResultsDirectory="7d7900e8-a34a-40fd-af5f-4b168581fb3a">
    </UnitTestResult>
  </Results>
</TestRun>