<?xml version="1.0" encoding="UTF-8"?>
<TestRun id="099cf87d-83c4-4b78-b9b2-aebd43a3c4f5" name="yasio@YASIO-PC 2011-10-27 01:23:48" runUser="yasio-PC\yasio" xmlns="http://microsoft.com/schemas/VisualStudio/TeamTest/2010">
  <TestSettings name="Local" id="97493afa-13e4-4da3-901c-fc20c9863eac">
    <Description>These are default test settings for a local test run.</Description>
    <Deployment enabled="false" runDeploymentRoot="yasio_YASIO-PC 2011-10-27 01_23_48">
      <DeploymentItem filename="D:\Projects\C#\Kolejki\Kolejki\Kolejki\bin\Debug\MathNet.Iridium.dll" />
      <DeploymentItem filename="D:\Projects\C#\Kolejki\Kolejki\Kolejki\bin\Debug\Kolejki.exe" />
    </Deployment>
    <Execution>
      <TestTypeSpecific />
      <AgentRule name="Execution Agents">
      </AgentRule>
    </Execution>
  </TestSettings>
  <Times creation="2011-10-27T01:23:48.5488294+02:00" queuing="2011-10-27T01:23:48.6268338+02:00" start="2011-10-27T01:23:48.6528353+02:00" finish="2011-10-27T01:23:49.3378745+02:00" />
  <ResultSummary outcome="Completed">
    <Counters total="6" executed="6" passed="6" error="0" failed="0" timeout="0" aborted="0" inconclusive="0" passedButRunAborted="0" notRunnable="0" notExecuted="0" disconnected="0" warning="0" completed="0" inProgress="0" pending="0" />
  </ResultSummary>
  <TestDefinitions>
    <UnitTest name="SocketConstructorTest" storage="d:\projects\c#\kolejki\kolejki\testproject\bin\debug\testproject.dll" id="41823a85-e94a-1cf2-fa4f-d921d4cd48c9">
      <Execution id="f57eea54-87bd-49bb-8f9c-88663d9214bb" />
      <TestMethod codeBase="D:/Projects/C#/Kolejki/Kolejki/TestProject/bin/Debug/TestProject.DLL" adapterTypeName="Microsoft.VisualStudio.TestTools.TestTypes.Unit.UnitTestAdapter, Microsoft.VisualStudio.QualityTools.Tips.UnitTest.Adapter, Version=10.0.0.0, Culture=neutral, PublicKeyToken=b03f5f7f11d50a3a" className="TestProject.SocketTest, TestProject, Version=1.0.0.0, Culture=neutral, PublicKeyToken=null" name="SocketConstructorTest" />
    </UnitTest>
    <UnitTest name="Get2Test" storage="d:\projects\c#\kolejki\kolejki\testproject\bin\debug\testproject.dll" id="459fe571-de5b-716a-21b4-9beb1226bd65">
      <Execution id="4c06db64-8601-4442-a2a8-1163a2a03a8e" />
      <TestMethod codeBase="D:/Projects/C#/Kolejki/Kolejki/TestProject/bin/Debug/TestProject.DLL" adapterTypeName="Microsoft.VisualStudio.TestTools.TestTypes.Unit.UnitTestAdapter, Microsoft.VisualStudio.QualityTools.Tips.UnitTest.Adapter, Version=10.0.0.0, Culture=neutral, PublicKeyToken=b03f5f7f11d50a3a" className="TestProject.QueueFifoTest, TestProject, Version=1.0.0.0, Culture=neutral, PublicKeyToken=null" name="Get2Test" />
    </UnitTest>
    <UnitTest name="GetTest" storage="d:\projects\c#\kolejki\kolejki\testproject\bin\debug\testproject.dll" id="a93410c0-6366-e2b4-b342-a2965b3f5589">
      <Execution id="066cddf7-6277-4a9d-8f14-94b8700b41bb" />
      <TestMethod codeBase="D:/Projects/C#/Kolejki/Kolejki/TestProject/bin/Debug/TestProject.DLL" adapterTypeName="Microsoft.VisualStudio.TestTools.TestTypes.Unit.UnitTestAdapter, Microsoft.VisualStudio.QualityTools.Tips.UnitTest.Adapter, Version=10.0.0.0, Culture=neutral, PublicKeyToken=b03f5f7f11d50a3a" className="TestProject.QueueFifoTest, TestProject, Version=1.0.0.0, Culture=neutral, PublicKeyToken=null" name="GetTest" />
    </UnitTest>
    <UnitTest name="TestMethod1" storage="d:\projects\c#\kolejki\kolejki\testproject\bin\debug\testproject.dll" id="24e109b5-ebac-7154-c0d0-91db5c99399f">
      <Execution id="c152a82a-c520-457b-a2ae-5edf18545173" />
      <TestMethod codeBase="D:/Projects/C#/Kolejki/Kolejki/TestProject/bin/Debug/TestProject.DLL" adapterTypeName="Microsoft.VisualStudio.TestTools.TestTypes.Unit.UnitTestAdapter, Microsoft.VisualStudio.QualityTools.Tips.UnitTest.Adapter, Version=10.0.0.0, Culture=neutral, PublicKeyToken=b03f5f7f11d50a3a" className="TestProject.UnitTest1, TestProject, Version=1.0.0.0, Culture=neutral, PublicKeyToken=null" name="TestMethod1" />
    </UnitTest>
    <UnitTest name="MakeConnectionTest_makeConnectionTwice" storage="d:\projects\c#\kolejki\kolejki\testproject\bin\debug\testproject.dll" id="49cd2c00-8ac8-fe9a-54e9-8cc0e6e95967">
      <Execution id="d966a942-d52c-4d20-b1a6-f1fa6ff91a1f" />
      <TestMethod codeBase="D:/Projects/C#/Kolejki/Kolejki/TestProject/bin/Debug/TestProject.DLL" adapterTypeName="Microsoft.VisualStudio.TestTools.TestTypes.Unit.UnitTestAdapter, Microsoft.VisualStudio.QualityTools.Tips.UnitTest.Adapter, Version=10.0.0.0, Culture=neutral, PublicKeyToken=b03f5f7f11d50a3a" className="TestProject.SocketTest, TestProject, Version=1.0.0.0, Culture=neutral, PublicKeyToken=null" name="MakeConnectionTest_makeConnectionTwice" />
    </UnitTest>
    <UnitTest name="MakeConnectionTest_AreConnected" storage="d:\projects\c#\kolejki\kolejki\testproject\bin\debug\testproject.dll" id="694b55d8-71f3-1c9d-2c00-a68e389f0739">
      <Execution id="3b1aac81-7ebb-47c7-b716-c15fd3d40621" />
      <TestMethod codeBase="D:/Projects/C#/Kolejki/Kolejki/TestProject/bin/Debug/TestProject.DLL" adapterTypeName="Microsoft.VisualStudio.TestTools.TestTypes.Unit.UnitTestAdapter, Microsoft.VisualStudio.QualityTools.Tips.UnitTest.Adapter, Version=10.0.0.0, Culture=neutral, PublicKeyToken=b03f5f7f11d50a3a" className="TestProject.SocketTest, TestProject, Version=1.0.0.0, Culture=neutral, PublicKeyToken=null" name="MakeConnectionTest_AreConnected" />
    </UnitTest>
  </TestDefinitions>
  <TestLists>
    <TestList name="Results Not in a List" id="8c84fa94-04c1-424b-9868-57a2d4851a1d" />
    <TestList name="All Loaded Results" id="19431567-8539-422a-85d7-44ee4e166bda" />
  </TestLists>
  <TestEntries>
    <TestEntry testId="24e109b5-ebac-7154-c0d0-91db5c99399f" executionId="c152a82a-c520-457b-a2ae-5edf18545173" testListId="8c84fa94-04c1-424b-9868-57a2d4851a1d" />
    <TestEntry testId="41823a85-e94a-1cf2-fa4f-d921d4cd48c9" executionId="f57eea54-87bd-49bb-8f9c-88663d9214bb" testListId="8c84fa94-04c1-424b-9868-57a2d4851a1d" />
    <TestEntry testId="459fe571-de5b-716a-21b4-9beb1226bd65" executionId="4c06db64-8601-4442-a2a8-1163a2a03a8e" testListId="8c84fa94-04c1-424b-9868-57a2d4851a1d" />
    <TestEntry testId="49cd2c00-8ac8-fe9a-54e9-8cc0e6e95967" executionId="d966a942-d52c-4d20-b1a6-f1fa6ff91a1f" testListId="8c84fa94-04c1-424b-9868-57a2d4851a1d" />
    <TestEntry testId="694b55d8-71f3-1c9d-2c00-a68e389f0739" executionId="3b1aac81-7ebb-47c7-b716-c15fd3d40621" testListId="8c84fa94-04c1-424b-9868-57a2d4851a1d" />
    <TestEntry testId="a93410c0-6366-e2b4-b342-a2965b3f5589" executionId="066cddf7-6277-4a9d-8f14-94b8700b41bb" testListId="8c84fa94-04c1-424b-9868-57a2d4851a1d" />
  </TestEntries>
  <Results>
    <UnitTestResult executionId="c152a82a-c520-457b-a2ae-5edf18545173" testId="24e109b5-ebac-7154-c0d0-91db5c99399f" testName="TestMethod1" computerName="YASIO-PC" duration="00:00:00.0203318" startTime="2011-10-27T01:23:48.6618358+02:00" endTime="2011-10-27T01:23:49.1718650+02:00" testType="13cdc9d9-ddb5-4fa4-a97d-d965ccfc6d4b" outcome="Passed" testListId="8c84fa94-04c1-424b-9868-57a2d4851a1d" relativeResultsDirectory="c152a82a-c520-457b-a2ae-5edf18545173">
    </UnitTestResult>
    <UnitTestResult executionId="f57eea54-87bd-49bb-8f9c-88663d9214bb" testId="41823a85-e94a-1cf2-fa4f-d921d4cd48c9" testName="SocketConstructorTest" computerName="YASIO-PC" duration="00:00:00.0131027" startTime="2011-10-27T01:23:49.1878659+02:00" endTime="2011-10-27T01:23:49.2098672+02:00" testType="13cdc9d9-ddb5-4fa4-a97d-d965ccfc6d4b" outcome="Passed" testListId="8c84fa94-04c1-424b-9868-57a2d4851a1d" relativeResultsDirectory="f57eea54-87bd-49bb-8f9c-88663d9214bb">
    </UnitTestResult>
    <UnitTestResult executionId="4c06db64-8601-4442-a2a8-1163a2a03a8e" testId="459fe571-de5b-716a-21b4-9beb1226bd65" testName="Get2Test" computerName="YASIO-PC" duration="00:00:00.0149250" startTime="2011-10-27T01:23:49.2118673+02:00" endTime="2011-10-27T01:23:49.2468693+02:00" testType="13cdc9d9-ddb5-4fa4-a97d-d965ccfc6d4b" outcome="Passed" testListId="8c84fa94-04c1-424b-9868-57a2d4851a1d" relativeResultsDirectory="4c06db64-8601-4442-a2a8-1163a2a03a8e">
    </UnitTestResult>
    <UnitTestResult executionId="d966a942-d52c-4d20-b1a6-f1fa6ff91a1f" testId="49cd2c00-8ac8-fe9a-54e9-8cc0e6e95967" testName="MakeConnectionTest_makeConnectionTwice" computerName="YASIO-PC" duration="00:00:00.0080022" startTime="2011-10-27T01:23:49.2508695+02:00" endTime="2011-10-27T01:23:49.2648703+02:00" testType="13cdc9d9-ddb5-4fa4-a97d-d965ccfc6d4b" outcome="Passed" testListId="8c84fa94-04c1-424b-9868-57a2d4851a1d" relativeResultsDirectory="d966a942-d52c-4d20-b1a6-f1fa6ff91a1f">
    </UnitTestResult>
    <UnitTestResult executionId="3b1aac81-7ebb-47c7-b716-c15fd3d40621" testId="694b55d8-71f3-1c9d-2c00-a68e389f0739" testName="MakeConnectionTest_AreConnected" computerName="YASIO-PC" duration="00:00:00.0074175" startTime="2011-10-27T01:23:49.2688705+02:00" endTime="2011-10-27T01:23:49.2828713+02:00" testType="13cdc9d9-ddb5-4fa4-a97d-d965ccfc6d4b" outcome="Passed" testListId="8c84fa94-04c1-424b-9868-57a2d4851a1d" relativeResultsDirectory="3b1aac81-7ebb-47c7-b716-c15fd3d40621">
    </UnitTestResult>
    <UnitTestResult executionId="066cddf7-6277-4a9d-8f14-94b8700b41bb" testId="a93410c0-6366-e2b4-b342-a2965b3f5589" testName="GetTest" computerName="YASIO-PC" duration="00:00:00.0025775" startTime="2011-10-27T01:23:49.2868716+02:00" endTime="2011-10-27T01:23:49.3118730+02:00" testType="13cdc9d9-ddb5-4fa4-a97d-d965ccfc6d4b" outcome="Passed" testListId="8c84fa94-04c1-424b-9868-57a2d4851a1d" relativeResultsDirectory="066cddf7-6277-4a9d-8f14-94b8700b41bb">
    </UnitTestResult>
  </Results>
</TestRun>