<?xml version="1.0" encoding="UTF-8"?>
<TestRun id="4bff18ed-5b8c-4b05-a545-c99e5c04e30e" name="yasio@YASIO-PC 2011-10-27 01:14:15" runUser="yasio-PC\yasio" xmlns="http://microsoft.com/schemas/VisualStudio/TeamTest/2010">
  <TestSettings name="Local" id="97493afa-13e4-4da3-901c-fc20c9863eac">
    <Description>These are default test settings for a local test run.</Description>
    <Deployment enabled="false" runDeploymentRoot="yasio_YASIO-PC 2011-10-27 01_14_15">
      <DeploymentItem filename="D:\Projects\C#\Kolejki\Kolejki\Kolejki\bin\Debug\MathNet.Iridium.dll" />
      <DeploymentItem filename="D:\Projects\C#\Kolejki\Kolejki\Kolejki\bin\Debug\Kolejki.exe" />
    </Deployment>
    <Execution>
      <TestTypeSpecific />
      <AgentRule name="Execution Agents">
      </AgentRule>
    </Execution>
  </TestSettings>
  <Times creation="2011-10-27T01:14:15.8410724+02:00" queuing="2011-10-27T01:14:15.8840748+02:00" start="2011-10-27T01:14:15.9270773+02:00" finish="2011-10-27T01:14:16.3120993+02:00" />
  <ResultSummary outcome="Completed">
    <Counters total="1" executed="1" passed="1" error="0" failed="0" timeout="0" aborted="0" inconclusive="0" passedButRunAborted="0" notRunnable="0" notExecuted="0" disconnected="0" warning="0" completed="0" inProgress="0" pending="0" />
  </ResultSummary>
  <TestDefinitions>
    <UnitTest name="GetTest" storage="d:\projects\c#\kolejki\kolejki\testproject\bin\debug\testproject.dll" id="a93410c0-6366-e2b4-b342-a2965b3f5589">
      <Execution id="a54c9251-c8d7-4eee-907e-663664eb28bc" />
      <TestMethod codeBase="D:/Projects/C#/Kolejki/Kolejki/TestProject/bin/Debug/TestProject.DLL" adapterTypeName="Microsoft.VisualStudio.TestTools.TestTypes.Unit.UnitTestAdapter, Microsoft.VisualStudio.QualityTools.Tips.UnitTest.Adapter, Version=10.0.0.0, Culture=neutral, PublicKeyToken=b03f5f7f11d50a3a" className="TestProject.QueueFifoTest, TestProject, Version=1.0.0.0, Culture=neutral, PublicKeyToken=null" name="GetTest" />
    </UnitTest>
  </TestDefinitions>
  <TestLists>
    <TestList name="Results Not in a List" id="8c84fa94-04c1-424b-9868-57a2d4851a1d" />
    <TestList name="All Loaded Results" id="19431567-8539-422a-85d7-44ee4e166bda" />
  </TestLists>
  <TestEntries>
    <TestEntry testId="a93410c0-6366-e2b4-b342-a2965b3f5589" executionId="a54c9251-c8d7-4eee-907e-663664eb28bc" testListId="8c84fa94-04c1-424b-9868-57a2d4851a1d" />
  </TestEntries>
  <Results>
    <UnitTestResult executionId="a54c9251-c8d7-4eee-907e-663664eb28bc" testId="a93410c0-6366-e2b4-b342-a2965b3f5589" testName="GetTest" computerName="YASIO-PC" duration="00:00:00.0238021" startTime="2011-10-27T01:14:15.9300774+02:00" endTime="2011-10-27T01:14:16.2870979+02:00" testType="13cdc9d9-ddb5-4fa4-a97d-d965ccfc6d4b" outcome="Passed" testListId="8c84fa94-04c1-424b-9868-57a2d4851a1d" relativeResultsDirectory="a54c9251-c8d7-4eee-907e-663664eb28bc">
    </UnitTestResult>
  </Results>
</TestRun>