<?xml version="1.0" encoding="UTF-8"?>
<TestRun id="566f8905-6f07-4c09-a4b2-ad498287dbc9" name="yasio@YASIO-KOMPUTER 2011-10-19 19:37:39" runUser="yasio-Komputer\yasio" xmlns="http://microsoft.com/schemas/VisualStudio/TeamTest/2010">
  <TestSettings name="Local" id="97493afa-13e4-4da3-901c-fc20c9863eac">
    <Description>These are default test settings for a local test run.</Description>
    <Deployment enabled="false" runDeploymentRoot="yasio_YASIO-KOMPUTER 2011-10-19 19_37_39">
      <DeploymentItem filename="F:\Kolejki\Kolejki\bin\Debug\MathNet.Iridium.dll" />
      <DeploymentItem filename="F:\Kolejki\Kolejki\bin\Debug\Kolejki.exe" />
    </Deployment>
    <Execution>
      <TestTypeSpecific />
      <AgentRule name="Execution Agents">
      </AgentRule>
    </Execution>
  </TestSettings>
  <Times creation="2011-10-19T19:37:39.2330815+02:00" queuing="2011-10-19T19:37:53.6839081+02:00" start="2011-10-19T19:37:54.8749762+02:00" finish="2011-10-19T19:37:59.8852628+02:00" />
  <ResultSummary outcome="Completed">
    <Counters total="4" executed="4" passed="4" error="0" failed="0" timeout="0" aborted="0" inconclusive="0" passedButRunAborted="0" notRunnable="0" notExecuted="0" disconnected="0" warning="0" completed="0" inProgress="0" pending="0" />
  </ResultSummary>
  <TestDefinitions>
    <UnitTest name="MakeConnectionTest_makeConnectionTwice" storage="f:\kolejki\testproject\bin\debug\testproject.dll" id="49cd2c00-8ac8-fe9a-54e9-8cc0e6e95967">
      <Execution id="4d9f0995-debf-46d7-b34e-9993e22fa156" />
      <TestMethod codeBase="F:/Kolejki/TestProject/bin/Debug/TestProject.DLL" adapterTypeName="Microsoft.VisualStudio.TestTools.TestTypes.Unit.UnitTestAdapter, Microsoft.VisualStudio.QualityTools.Tips.UnitTest.Adapter, Version=10.0.0.0, Culture=neutral, PublicKeyToken=b03f5f7f11d50a3a" className="TestProject.SocketTest, TestProject, Version=1.0.0.0, Culture=neutral, PublicKeyToken=null" name="MakeConnectionTest_makeConnectionTwice" />
    </UnitTest>
    <UnitTest name="MakeConnectionTest_AreConnected" storage="f:\kolejki\testproject\bin\debug\testproject.dll" id="694b55d8-71f3-1c9d-2c00-a68e389f0739">
      <Execution id="4598007f-95b9-4017-8fca-b5be0a00cc0f" />
      <TestMethod codeBase="F:/Kolejki/TestProject/bin/Debug/TestProject.DLL" adapterTypeName="Microsoft.VisualStudio.TestTools.TestTypes.Unit.UnitTestAdapter, Microsoft.VisualStudio.QualityTools.Tips.UnitTest.Adapter, Version=10.0.0.0, Culture=neutral, PublicKeyToken=b03f5f7f11d50a3a" className="TestProject.SocketTest, TestProject, Version=1.0.0.0, Culture=neutral, PublicKeyToken=null" name="MakeConnectionTest_AreConnected" />
    </UnitTest>
    <UnitTest name="SocketConstructorTest" storage="f:\kolejki\testproject\bin\debug\testproject.dll" id="41823a85-e94a-1cf2-fa4f-d921d4cd48c9">
      <Execution id="572f4dd3-f10d-4f95-b6d0-3af6a6459da1" />
      <TestMethod codeBase="F:/Kolejki/TestProject/bin/Debug/TestProject.DLL" adapterTypeName="Microsoft.VisualStudio.TestTools.TestTypes.Unit.UnitTestAdapter, Microsoft.VisualStudio.QualityTools.Tips.UnitTest.Adapter, Version=10.0.0.0, Culture=neutral, PublicKeyToken=b03f5f7f11d50a3a" className="TestProject.SocketTest, TestProject, Version=1.0.0.0, Culture=neutral, PublicKeyToken=null" name="SocketConstructorTest" />
    </UnitTest>
    <UnitTest name="TestMethod1" storage="f:\kolejki\testproject\bin\debug\testproject.dll" id="24e109b5-ebac-7154-c0d0-91db5c99399f">
      <Execution id="e8705adf-d496-443d-9282-7789add131c1" />
      <TestMethod codeBase="F:/Kolejki/TestProject/bin/Debug/TestProject.DLL" adapterTypeName="Microsoft.VisualStudio.TestTools.TestTypes.Unit.UnitTestAdapter, Microsoft.VisualStudio.QualityTools.Tips.UnitTest.Adapter, Version=10.0.0.0, Culture=neutral, PublicKeyToken=b03f5f7f11d50a3a" className="TestProject.UnitTest1, TestProject, Version=1.0.0.0, Culture=neutral, PublicKeyToken=null" name="TestMethod1" />
    </UnitTest>
  </TestDefinitions>
  <TestLists>
    <TestList name="Results Not in a List" id="8c84fa94-04c1-424b-9868-57a2d4851a1d" />
    <TestList name="All Loaded Results" id="19431567-8539-422a-85d7-44ee4e166bda" />
  </TestLists>
  <TestEntries>
    <TestEntry testId="24e109b5-ebac-7154-c0d0-91db5c99399f" executionId="e8705adf-d496-443d-9282-7789add131c1" testListId="8c84fa94-04c1-424b-9868-57a2d4851a1d" />
    <TestEntry testId="41823a85-e94a-1cf2-fa4f-d921d4cd48c9" executionId="572f4dd3-f10d-4f95-b6d0-3af6a6459da1" testListId="8c84fa94-04c1-424b-9868-57a2d4851a1d" />
    <TestEntry testId="49cd2c00-8ac8-fe9a-54e9-8cc0e6e95967" executionId="4d9f0995-debf-46d7-b34e-9993e22fa156" testListId="8c84fa94-04c1-424b-9868-57a2d4851a1d" />
    <TestEntry testId="694b55d8-71f3-1c9d-2c00-a68e389f0739" executionId="4598007f-95b9-4017-8fca-b5be0a00cc0f" testListId="8c84fa94-04c1-424b-9868-57a2d4851a1d" />
  </TestEntries>
  <Results>
    <UnitTestResult executionId="e8705adf-d496-443d-9282-7789add131c1" testId="24e109b5-ebac-7154-c0d0-91db5c99399f" testName="TestMethod1" computerName="YASIO-KOMPUTER" duration="00:00:00.0928881" startTime="2011-10-19T19:37:55.5190130+02:00" endTime="2011-10-19T19:37:58.7761993+02:00" testType="13cdc9d9-ddb5-4fa4-a97d-d965ccfc6d4b" outcome="Passed" testListId="8c84fa94-04c1-424b-9868-57a2d4851a1d" relativeResultsDirectory="e8705adf-d496-443d-9282-7789add131c1">
    </UnitTestResult>
    <UnitTestResult executionId="572f4dd3-f10d-4f95-b6d0-3af6a6459da1" testId="41823a85-e94a-1cf2-fa4f-d921d4cd48c9" testName="SocketConstructorTest" computerName="YASIO-KOMPUTER" duration="00:00:00.0281019" startTime="2011-10-19T19:37:58.8962062+02:00" endTime="2011-10-19T19:37:58.9822111+02:00" testType="13cdc9d9-ddb5-4fa4-a97d-d965ccfc6d4b" outcome="Passed" testListId="8c84fa94-04c1-424b-9868-57a2d4851a1d" relativeResultsDirectory="572f4dd3-f10d-4f95-b6d0-3af6a6459da1">
    </UnitTestResult>
    <UnitTestResult executionId="4d9f0995-debf-46d7-b34e-9993e22fa156" testId="49cd2c00-8ac8-fe9a-54e9-8cc0e6e95967" testName="MakeConnectionTest_makeConnectionTwice" computerName="YASIO-KOMPUTER" duration="00:00:00.0357536" startTime="2011-10-19T19:37:59.0412145+02:00" endTime="2011-10-19T19:37:59.0962176+02:00" testType="13cdc9d9-ddb5-4fa4-a97d-d965ccfc6d4b" outcome="Passed" testListId="8c84fa94-04c1-424b-9868-57a2d4851a1d" relativeResultsDirectory="4d9f0995-debf-46d7-b34e-9993e22fa156">
    </UnitTestResult>
    <UnitTestResult executionId="4598007f-95b9-4017-8fca-b5be0a00cc0f" testId="694b55d8-71f3-1c9d-2c00-a68e389f0739" testName="MakeConnectionTest_AreConnected" computerName="YASIO-KOMPUTER" duration="00:00:00.0047100" startTime="2011-10-19T19:37:59.1432203+02:00" endTime="2011-10-19T19:37:59.1762222+02:00" testType="13cdc9d9-ddb5-4fa4-a97d-d965ccfc6d4b" outcome="Passed" testListId="8c84fa94-04c1-424b-9868-57a2d4851a1d" relativeResultsDirectory="4598007f-95b9-4017-8fca-b5be0a00cc0f">
    </UnitTestResult>
  </Results>
</TestRun>