<?xml version="1.0" encoding="UTF-8"?>
<TestRun id="c0e28386-02f2-425e-ae34-40958ae8e63d" name="yasio@YASIO-PC 2011-10-27 01:28:08" runUser="yasio-PC\yasio" xmlns="http://microsoft.com/schemas/VisualStudio/TeamTest/2010">
  <TestSettings name="Local" id="97493afa-13e4-4da3-901c-fc20c9863eac">
    <Description>These are default test settings for a local test run.</Description>
    <Deployment enabled="false" runDeploymentRoot="yasio_YASIO-PC 2011-10-27 01_28_08">
      <DeploymentItem filename="D:\Projects\C#\Kolejki\Kolejki\Kolejki\bin\Debug\MathNet.Iridium.dll" />
      <DeploymentItem filename="D:\Projects\C#\Kolejki\Kolejki\Kolejki\bin\Debug\Kolejki.exe" />
    </Deployment>
    <Execution>
      <TestTypeSpecific />
      <AgentRule name="Execution Agents">
      </AgentRule>
    </Execution>
  </TestSettings>
  <Times creation="2011-10-27T01:28:08.3626899+02:00" queuing="2011-10-27T01:28:12.0519009+02:00" start="2011-10-27T01:28:12.5899316+02:00" finish="2011-10-27T01:28:36.2522851+02:00" />
  <ResultSummary outcome="Error">
    <Counters total="1" executed="1" error="0" failed="0" timeout="0" aborted="1" inconclusive="0" passedButRunAborted="0" notRunnable="0" notExecuted="0" disconnected="0" warning="0" passed="0" completed="0" inProgress="0" pending="0" />
    <RunInfos>
      <RunInfo computerName="YASIO-PC" outcome="Error" timestamp="2011-10-27T01:28:36.2472848+02:00">
        <Text>Test host process exited unexpectedly.</Text>
      </RunInfo>
    </RunInfos>
  </ResultSummary>
  <TestDefinitions>
    <UnitTest name="PutTest" storage="d:\projects\c#\kolejki\kolejki\testproject\bin\debug\testproject.dll" id="d1bc0e55-25d9-725c-f471-293616ea5adc">
      <Execution id="799ec3d8-a781-4724-8ff5-8b2c6e024ca0" />
      <TestMethod codeBase="D:/Projects/C#/Kolejki/Kolejki/TestProject/bin/Debug/TestProject.DLL" adapterTypeName="Microsoft.VisualStudio.TestTools.TestTypes.Unit.UnitTestAdapter, Microsoft.VisualStudio.QualityTools.Tips.UnitTest.Adapter, Version=10.0.0.0, Culture=neutral, PublicKeyToken=b03f5f7f11d50a3a" className="TestProject.QueueFifoTest, TestProject, Version=1.0.0.0, Culture=neutral, PublicKeyToken=null" name="PutTest" />
    </UnitTest>
  </TestDefinitions>
  <TestLists>
    <TestList name="Results Not in a List" id="8c84fa94-04c1-424b-9868-57a2d4851a1d" />
    <TestList name="All Loaded Results" id="19431567-8539-422a-85d7-44ee4e166bda" />
  </TestLists>
  <TestEntries>
    <TestEntry testId="d1bc0e55-25d9-725c-f471-293616ea5adc" executionId="799ec3d8-a781-4724-8ff5-8b2c6e024ca0" testListId="8c84fa94-04c1-424b-9868-57a2d4851a1d" />
  </TestEntries>
  <Results>
    <UnitTestResult executionId="799ec3d8-a781-4724-8ff5-8b2c6e024ca0" testId="d1bc0e55-25d9-725c-f471-293616ea5adc" testName="PutTest" computerName="YASIO-PC" duration="00:00:23.3183337" startTime="2011-10-27T01:28:12.9329513+02:00" endTime="2011-10-27T01:28:36.2512850+02:00" testType="13cdc9d9-ddb5-4fa4-a97d-d965ccfc6d4b" outcome="Aborted" testListId="8c84fa94-04c1-424b-9868-57a2d4851a1d" relativeResultsDirectory="799ec3d8-a781-4724-8ff5-8b2c6e024ca0">
    </UnitTestResult>
  </Results>
</TestRun>