<?xml version="1.0" encoding="UTF-8"?>
<TestRun id="f6e703d8-f5c9-4eb7-9781-150d4c1bfb73" name="yasio@YASIO-PC 2011-10-27 10:59:39" runUser="yasio-PC\yasio" xmlns="http://microsoft.com/schemas/VisualStudio/TeamTest/2010">
  <TestSettings name="Local" id="97493afa-13e4-4da3-901c-fc20c9863eac">
    <Description>These are default test settings for a local test run.</Description>
    <Deployment enabled="false" runDeploymentRoot="yasio_YASIO-PC 2011-10-27 10_59_39">
      <DeploymentItem filename="D:\Projects\C#\Kolejki\Kolejki\Kolejki\bin\Debug\MathNet.Iridium.dll" />
      <DeploymentItem filename="D:\Projects\C#\Kolejki\Kolejki\Kolejki\bin\Debug\Kolejki.exe" />
    </Deployment>
    <Execution>
      <TestTypeSpecific />
      <AgentRule name="Execution Agents">
      </AgentRule>
    </Execution>
  </TestSettings>
  <Times creation="2011-10-27T10:59:39.3016693+02:00" queuing="2011-10-27T10:59:40.5237392+02:00" start="2011-10-27T10:59:40.6517465+02:00" finish="2011-10-27T10:59:41.6998064+02:00" />
  <ResultSummary outcome="Failed">
    <Counters total="1" executed="1" error="0" failed="1" timeout="0" aborted="0" inconclusive="0" passedButRunAborted="0" notRunnable="0" notExecuted="0" disconnected="0" warning="0" passed="0" completed="0" inProgress="0" pending="0" />
  </ResultSummary>
  <TestDefinitions>
    <UnitTest name="loopTest" storage="d:\projects\c#\kolejki\kolejki\testproject\bin\debug\testproject.dll" id="fb3c1732-2368-de59-5857-77cab277ab61">
      <Execution id="f6822283-ca2c-4cd0-b109-1a96d67f9154" />
      <TestMethod codeBase="D:/Projects/C#/Kolejki/Kolejki/TestProject/bin/Debug/TestProject.DLL" adapterTypeName="Microsoft.VisualStudio.TestTools.TestTypes.Unit.UnitTestAdapter, Microsoft.VisualStudio.QualityTools.Tips.UnitTest.Adapter, Version=10.0.0.0, Culture=neutral, PublicKeyToken=b03f5f7f11d50a3a" className="TestProject.SchedulerTest, TestProject, Version=1.0.0.0, Culture=neutral, PublicKeyToken=null" name="loopTest" />
    </UnitTest>
  </TestDefinitions>
  <TestLists>
    <TestList name="Results Not in a List" id="8c84fa94-04c1-424b-9868-57a2d4851a1d" />
    <TestList name="All Loaded Results" id="19431567-8539-422a-85d7-44ee4e166bda" />
  </TestLists>
  <TestEntries>
    <TestEntry testId="fb3c1732-2368-de59-5857-77cab277ab61" executionId="f6822283-ca2c-4cd0-b109-1a96d67f9154" testListId="8c84fa94-04c1-424b-9868-57a2d4851a1d" />
  </TestEntries>
  <Results>
    <UnitTestResult executionId="f6822283-ca2c-4cd0-b109-1a96d67f9154" testId="fb3c1732-2368-de59-5857-77cab277ab61" testName="loopTest" computerName="YASIO-PC" duration="00:00:00.1416606" startTime="2011-10-27T10:59:40.8167559+02:00" endTime="2011-10-27T10:59:41.5627986+02:00" testType="13cdc9d9-ddb5-4fa4-a97d-d965ccfc6d4b" outcome="Failed" testListId="8c84fa94-04c1-424b-9868-57a2d4851a1d" relativeResultsDirectory="f6822283-ca2c-4cd0-b109-1a96d67f9154">
      <Output>
        <ErrorInfo>
          <Message>Assert.AreEqual failed. Expected:&lt;0&gt;. Actual:&lt;5&gt;. </Message>
          <StackTrace>   at TestProject.SchedulerTest.loopTest() in D:\Projects\C#\Kolejki\Kolejki\TestProject\SchedulerTest.cs:line 84
</StackTrace>
        </ErrorInfo>
      </Output>
    </UnitTestResult>
  </Results>
</TestRun>